...found 18 targets...
...updating 10 targets...
msvc.write-setup-script bin.v2\standalone\msvc\msvc-14.1\msvc-setup.bat
compile-c-c++ libs\config\checks\architecture\bin\msvc-14.1\debug\threading-multi\32.obj
32.cpp
...updated 11 targets...
...found 2 targets...
...updating 1 target...
compile-c-c++ libs\config\checks\architecture\bin\msvc-14.1\debug\threading-multi\arm.obj
arm.cpp
libs\config\checks\architecture\arm.cpp(13): fatal error C1189: #error:  "Not ARM"

    call "bin.v2\standalone\msvc\msvc-14.1\msvc-setup.bat"  >nul
 cl /Zm800 -nologo @"libs\config\checks\architecture\bin\msvc-14.1\debug\threading-multi\arm.obj.rsp" 

...failed compile-c-c++ libs\config\checks\architecture\bin\msvc-14.1\debug\threading-multi\arm.obj...
...failed updating 1 target...
...found 2 targets...
...updating 1 target...
compile-c-c++ libs\config\checks\architecture\bin\msvc-14.1\debug\threading-multi\mips1.obj
mips1.cpp
libs\config\checks\architecture\mips1.cpp(10): fatal error C1189: #error:  "Not MIPS1"

    call "bin.v2\standalone\msvc\msvc-14.1\msvc-setup.bat"  >nul
 cl /Zm800 -nologo @"libs\config\checks\architecture\bin\msvc-14.1\debug\threading-multi\mips1.obj.rsp" 

...failed compile-c-c++ libs\config\checks\architecture\bin\msvc-14.1\debug\threading-multi\mips1.obj...
...failed updating 1 target...
...found 2 targets...
...updating 1 target...
compile-c-c++ libs\config\checks\architecture\bin\msvc-14.1\debug\threading-multi\power.obj
power.cpp
libs\config\checks\architecture\power.cpp(13): fatal error C1189: #error:  "Not PPC"

    call "bin.v2\standalone\msvc\msvc-14.1\msvc-setup.bat"  >nul
 cl /Zm800 -nologo @"libs\config\checks\architecture\bin\msvc-14.1\debug\threading-multi\power.obj.rsp" 

...failed compile-c-c++ libs\config\checks\architecture\bin\msvc-14.1\debug\threading-multi\power.obj...
...failed updating 1 target...
...found 2 targets...
...updating 1 target...
compile-c-c++ libs\config\checks\architecture\bin\msvc-14.1\debug\threading-multi\riscv.obj
riscv.cpp
libs\config\checks\architecture\riscv.cpp(9): fatal error C1189: #error:  "Not RISC-V"

    call "bin.v2\standalone\msvc\msvc-14.1\msvc-setup.bat"  >nul
 cl /Zm800 -nologo @"libs\config\checks\architecture\bin\msvc-14.1\debug\threading-multi\riscv.obj.rsp" 

...failed compile-c-c++ libs\config\checks\architecture\bin\msvc-14.1\debug\threading-multi\riscv.obj...
...failed updating 1 target...
...found 2 targets...
...updating 1 target...
compile-c-c++ libs\config\checks\architecture\bin\msvc-14.1\debug\threading-multi\s390x.obj
s390x.cpp
libs\config\checks\architecture\s390x.cpp(10): fatal error C1189: #error:  "Not S390x"

    call "bin.v2\standalone\msvc\msvc-14.1\msvc-setup.bat"  >nul
 cl /Zm800 -nologo @"libs\config\checks\architecture\bin\msvc-14.1\debug\threading-multi\s390x.obj.rsp" 

...failed compile-c-c++ libs\config\checks\architecture\bin\msvc-14.1\debug\threading-multi\s390x.obj...
...failed updating 1 target...
...found 2 targets...
...updating 1 target...
compile-c-c++ libs\config\checks\architecture\bin\msvc-14.1\debug\threading-multi\sparc.obj
sparc.cpp
libs\config\checks\architecture\sparc.cpp(10): fatal error C1189: #error:  "Not SPARC"

    call "bin.v2\standalone\msvc\msvc-14.1\msvc-setup.bat"  >nul
 cl /Zm800 -nologo @"libs\config\checks\architecture\bin\msvc-14.1\debug\threading-multi\sparc.obj.rsp" 

...failed compile-c-c++ libs\config\checks\architecture\bin\msvc-14.1\debug\threading-multi\sparc.obj...
...failed updating 1 target...
...found 2 targets...
...updating 1 target...
compile-c-c++ libs\config\checks\architecture\bin\msvc-14.1\debug\threading-multi\x86.obj
x86.cpp
...updated 1 target...
...patience...
...found 142 targets...
...updating 7 targets...
compile-c-c++ bin.v2\libs\filesystem\config\msvc-14.1\debug\threading-multi\has_bcrypt.obj
has_bcrypt.cpp
...updated 7 targets...
...found 3 targets...
...updating 1 target...
compile-c-c++ bin.v2\libs\filesystem\config\msvc-14.1\debug\threading-multi\has_stat_st_mtim.obj
has_stat_st_mtim.cpp
libs\filesystem\config\has_stat_st_mtim.cpp(10): fatal error C1083: Cannot open include file: 'unistd.h': No such file or directory

    call "bin.v2\standalone\msvc\msvc-14.1\msvc-setup.bat"  >nul
 cl /Zm800 -nologo @"bin.v2\libs\filesystem\config\msvc-14.1\debug\threading-multi\has_stat_st_mtim.obj.rsp" 

...failed compile-c-c++ bin.v2\libs\filesystem\config\msvc-14.1\debug\threading-multi\has_stat_st_mtim.obj...
...failed updating 1 target...
...found 2 targets...
...updating 1 target...
compile-c-c++ bin.v2\libs\filesystem\config\msvc-14.1\debug\threading-multi\has_stat_st_mtimensec.obj
has_stat_st_mtimensec.cpp
libs\filesystem\config\has_stat_st_mtimensec.cpp(10): fatal error C1083: Cannot open include file: 'unistd.h': No such file or directory

    call "bin.v2\standalone\msvc\msvc-14.1\msvc-setup.bat"  >nul
 cl /Zm800 -nologo @"bin.v2\libs\filesystem\config\msvc-14.1\debug\threading-multi\has_stat_st_mtimensec.obj.rsp" 

...failed compile-c-c++ bin.v2\libs\filesystem\config\msvc-14.1\debug\threading-multi\has_stat_st_mtimensec.obj...
...failed updating 1 target...
...found 2 targets...
...updating 1 target...
compile-c-c++ bin.v2\libs\filesystem\config\msvc-14.1\debug\threading-multi\has_stat_st_mtimespec.obj
has_stat_st_mtimespec.cpp
libs\filesystem\config\has_stat_st_mtimespec.cpp(10): fatal error C1083: Cannot open include file: 'unistd.h': No such file or directory

    call "bin.v2\standalone\msvc\msvc-14.1\msvc-setup.bat"  >nul
 cl /Zm800 -nologo @"bin.v2\libs\filesystem\config\msvc-14.1\debug\threading-multi\has_stat_st_mtimespec.obj.rsp" 

...failed compile-c-c++ bin.v2\libs\filesystem\config\msvc-14.1\debug\threading-multi\has_stat_st_mtimespec.obj...
...failed updating 1 target...
...found 28 targets...
...updating 8 targets...
compile-c-c++ bin.v2\libs\regex\build\msvc-14.1\debug\threading-multi\has_icu_test.obj
has_icu_test.cpp
libs\regex\build\has_icu_test.cpp(12): fatal error C1083: Cannot open include file: 'unicode/uversion.h': No such file or directory

    call "bin.v2\standalone\msvc\msvc-14.1\msvc-setup.bat"  >nul
 cl /Zm800 -nologo @"bin.v2\libs\regex\build\msvc-14.1\debug\threading-multi\has_icu_test.obj.rsp" 

...failed compile-c-c++ bin.v2\libs\regex\build\msvc-14.1\debug\threading-multi\has_icu_test.obj...
...skipped <pbin.v2\libs\regex\build\msvc-14.1\debug\threading-multi>has_icu.exe for lack of <pbin.v2\libs\regex\build\msvc-14.1\debug\threading-multi>has_icu_test.obj...
...skipped <pbin.v2\libs\regex\build\msvc-14.1\debug\threading-multi>has_icu.pdb for lack of <pbin.v2\libs\regex\build\msvc-14.1\debug\threading-multi>has_icu_test.obj...
...failed updating 1 target...
...skipped 2 targets...
...updated 5 targets...
...found 9 targets...
...updating 6 targets...
msvc.write-setup-script bin.v2\standalone\msvc\msvc-14.1\address-model-64\architecture-x86\msvc-setup.bat
compile-c-c++ bin.v2\libs\filesystem\config\msvc-14.1\debug\address-model-64\threading-multi\has_bcrypt.obj
has_bcrypt.cpp
...updated 7 targets...
...found 1 target...
...updating 1 target...
compile-c-c++ bin.v2\libs\filesystem\config\msvc-14.1\debug\address-model-64\threading-multi\has_stat_st_mtim.obj
has_stat_st_mtim.cpp
libs\filesystem\config\has_stat_st_mtim.cpp(10): fatal error C1083: Cannot open include file: 'unistd.h': No such file or directory

    call "bin.v2\standalone\msvc\msvc-14.1\address-model-64\architecture-x86\msvc-setup.bat"  >nul
 cl /Zm800 -nologo @"bin.v2\libs\filesystem\config\msvc-14.1\debug\address-model-64\threading-multi\has_stat_st_mtim.obj.rsp" 

...failed compile-c-c++ bin.v2\libs\filesystem\config\msvc-14.1\debug\address-model-64\threading-multi\has_stat_st_mtim.obj...
...failed updating 1 target...
...found 1 target...
...updating 1 target...
compile-c-c++ bin.v2\libs\filesystem\config\msvc-14.1\debug\address-model-64\threading-multi\has_stat_st_mtimensec.obj
has_stat_st_mtimensec.cpp
libs\filesystem\config\has_stat_st_mtimensec.cpp(10): fatal error C1083: Cannot open include file: 'unistd.h': No such file or directory

    call "bin.v2\standalone\msvc\msvc-14.1\address-model-64\architecture-x86\msvc-setup.bat"  >nul
 cl /Zm800 -nologo @"bin.v2\libs\filesystem\config\msvc-14.1\debug\address-model-64\threading-multi\has_stat_st_mtimensec.obj.rsp" 

...failed compile-c-c++ bin.v2\libs\filesystem\config\msvc-14.1\debug\address-model-64\threading-multi\has_stat_st_mtimensec.obj...
...failed updating 1 target...
...found 1 target...
...updating 1 target...
compile-c-c++ bin.v2\libs\filesystem\config\msvc-14.1\debug\address-model-64\threading-multi\has_stat_st_mtimespec.obj
has_stat_st_mtimespec.cpp
libs\filesystem\config\has_stat_st_mtimespec.cpp(10): fatal error C1083: Cannot open include file: 'unistd.h': No such file or directory

    call "bin.v2\standalone\msvc\msvc-14.1\address-model-64\architecture-x86\msvc-setup.bat"  >nul
 cl /Zm800 -nologo @"bin.v2\libs\filesystem\config\msvc-14.1\debug\address-model-64\threading-multi\has_stat_st_mtimespec.obj.rsp" 

...failed compile-c-c++ bin.v2\libs\filesystem\config\msvc-14.1\debug\address-model-64\threading-multi\has_stat_st_mtimespec.obj...
...failed updating 1 target...
...found 5 targets...
...updating 5 targets...
compile-c-c++ bin.v2\libs\regex\build\msvc-14.1\debug\address-model-64\threading-multi\has_icu_test.obj
has_icu_test.cpp
libs\regex\build\has_icu_test.cpp(12): fatal error C1083: Cannot open include file: 'unicode/uversion.h': No such file or directory

    call "bin.v2\standalone\msvc\msvc-14.1\address-model-64\architecture-x86\msvc-setup.bat"  >nul
 cl /Zm800 -nologo @"bin.v2\libs\regex\build\msvc-14.1\debug\address-model-64\threading-multi\has_icu_test.obj.rsp" 

...failed compile-c-c++ bin.v2\libs\regex\build\msvc-14.1\debug\address-model-64\threading-multi\has_icu_test.obj...
...skipped <pbin.v2\libs\regex\build\msvc-14.1\debug\address-model-64\threading-multi>has_icu.exe for lack of <pbin.v2\libs\regex\build\msvc-14.1\debug\address-model-64\threading-multi>has_icu_test.obj...
...skipped <pbin.v2\libs\regex\build\msvc-14.1\debug\address-model-64\threading-multi>has_icu.pdb for lack of <pbin.v2\libs\regex\build\msvc-14.1\debug\address-model-64\threading-multi>has_icu_test.obj...
...failed updating 1 target...
...skipped 2 targets...
...updated 2 targets...
...found 1 target...
...updating 1 target...
config-cache.write bin.v2\project-cache.jam
...updated 1 target...
