LOCALAPPDATA=C:\Users\hairi\AppData\Local
Found with vswhere C:\Program Files (x86)\Microsoft Visual Studio\2017\Community
Found with vswhere C:\Program Files (x86)\Microsoft Visual Studio\2017\Community
Call_If_Exists "C:\Program Files (x86)\Microsoft Visual Studio\2017\Community\Common7\Tools\..\..\VC\Auxiliary\Build\vcvarsall.bat"  AMD64
**********************************************************************
** Visual Studio 2017 Developer Command Prompt v15.9.5
** Copyright (c) 2017 Microsoft Corporation
**********************************************************************
[vcvarsall.bat] Environment initialized for: 'x64'
###
### Using 'vc141' toolset.
###

C:\Users\hairi\Downloads\boost_1_74_0\tools\build\src\engine>cl /nologo /MP /MT /TP /Feb2 /wd4996 /O2 /GL   -DNDEBUG  builtins.cpp class.cpp command.cpp compile.cpp constants.cpp cwd.cpp debug.cpp debugger.cpp execcmd.cpp execnt.cpp filent.cpp filesys.cpp frames.cpp function.cpp glob.cpp hash.cpp hcache.cpp hdrmacro.cpp headers.cpp jam.cpp jamgram.cpp lists.cpp make.cpp make1.cpp md5.cpp mem.cpp modules.cpp native.cpp object.cpp option.cpp output.cpp parse.cpp pathnt.cpp pathsys.cpp regexp.cpp rules.cpp scan.cpp search.cpp jam_strings.cpp startup.cpp subst.cpp sysinfo.cpp timestamp.cpp variable.cpp w32_getreg.cpp modules/order.cpp modules/path.cpp modules/property-set.cpp modules/regex.cpp modules/sequence.cpp modules/set.cpp /link kernel32.lib advapi32.lib user32.lib 
builtins.cpp
class.cpp
command.cpp
compile.cpp
C:\Program Files (x86)\Microsoft Visual Studio\2017\Community\VC\Tools\MSVC\14.16.27023\include\xlocale(319): warning C4530: C++ exception handler used, but unwind semantics are not enabled. Specify /EHsc (compiling source file class.cpp)
C:\Program Files (x86)\Microsoft Visual Studio\2017\Community\VC\Tools\MSVC\14.16.27023\include\xlocale(319): warning C4530: C++ exception handler used, but unwind semantics are not enabled. Specify /EHsc (compiling source file command.cpp)
C:\Program Files (x86)\Microsoft Visual Studio\2017\Community\VC\Tools\MSVC\14.16.27023\include\xlocale(319): warning C4530: C++ exception handler used, but unwind semantics are not enabled. Specify /EHsc (compiling source file builtins.cpp)
C:\Program Files (x86)\Microsoft Visual Studio\2017\Community\VC\Tools\MSVC\14.16.27023\include\xlocale(319): warning C4530: C++ exception handler used, but unwind semantics are not enabled. Specify /EHsc (compiling source file compile.cpp)
constants.cpp
cwd.cpp
debug.cpp
debugger.cpp
C:\Program Files (x86)\Microsoft Visual Studio\2017\Community\VC\Tools\MSVC\14.16.27023\include\xlocale(319): warning C4530: C++ exception handler used, but unwind semantics are not enabled. Specify /EHsc (compiling source file debug.cpp)
C:\Program Files (x86)\Microsoft Visual Studio\2017\Community\VC\Tools\MSVC\14.16.27023\include\xlocale(319): warning C4530: C++ exception handler used, but unwind semantics are not enabled. Specify /EHsc (compiling source file constants.cpp)
C:\Program Files (x86)\Microsoft Visual Studio\2017\Community\VC\Tools\MSVC\14.16.27023\include\xlocale(319): warning C4530: C++ exception handler used, but unwind semantics are not enabled. Specify /EHsc (compiling source file debugger.cpp)
C:\Program Files (x86)\Microsoft Visual Studio\2017\Community\VC\Tools\MSVC\14.16.27023\include\xlocale(319): warning C4530: C++ exception handler used, but unwind semantics are not enabled. Specify /EHsc (compiling source file cwd.cpp)
execcmd.cpp
execnt.cpp
C:\Program Files (x86)\Microsoft Visual Studio\2017\Community\VC\Tools\MSVC\14.16.27023\include\xlocale(319): warning C4530: C++ exception handler used, but unwind semantics are not enabled. Specify /EHsc (compiling source file execcmd.cpp)
C:\Program Files (x86)\Microsoft Visual Studio\2017\Community\VC\Tools\MSVC\14.16.27023\include\xlocale(319): warning C4530: C++ exception handler used, but unwind semantics are not enabled. Specify /EHsc (compiling source file execnt.cpp)
filent.cpp
filesys.cpp
C:\Program Files (x86)\Microsoft Visual Studio\2017\Community\VC\Tools\MSVC\14.16.27023\include\xlocale(319): warning C4530: C++ exception handler used, but unwind semantics are not enabled. Specify /EHsc (compiling source file filent.cpp)
C:\Program Files (x86)\Microsoft Visual Studio\2017\Community\VC\Tools\MSVC\14.16.27023\include\xlocale(319): warning C4530: C++ exception handler used, but unwind semantics are not enabled. Specify /EHsc (compiling source file filesys.cpp)
frames.cpp
function.cpp
C:\Program Files (x86)\Microsoft Visual Studio\2017\Community\VC\Tools\MSVC\14.16.27023\include\xlocale(319): warning C4530: C++ exception handler used, but unwind semantics are not enabled. Specify /EHsc (compiling source file frames.cpp)
C:\Program Files (x86)\Microsoft Visual Studio\2017\Community\VC\Tools\MSVC\14.16.27023\include\xlocale(319): warning C4530: C++ exception handler used, but unwind semantics are not enabled. Specify /EHsc (compiling source file function.cpp)
glob.cpp
hash.cpp
hcache.cpp
C:\Program Files (x86)\Microsoft Visual Studio\2017\Community\VC\Tools\MSVC\14.16.27023\include\xlocale(319): warning C4530: C++ exception handler used, but unwind semantics are not enabled. Specify /EHsc (compiling source file glob.cpp)
C:\Program Files (x86)\Microsoft Visual Studio\2017\Community\VC\Tools\MSVC\14.16.27023\include\xlocale(319): warning C4530: C++ exception handler used, but unwind semantics are not enabled. Specify /EHsc (compiling source file hash.cpp)
C:\Program Files (x86)\Microsoft Visual Studio\2017\Community\VC\Tools\MSVC\14.16.27023\include\xlocale(319): warning C4530: C++ exception handler used, but unwind semantics are not enabled. Specify /EHsc (compiling source file hcache.cpp)
hdrmacro.cpp
headers.cpp
C:\Program Files (x86)\Microsoft Visual Studio\2017\Community\VC\Tools\MSVC\14.16.27023\include\xlocale(319): warning C4530: C++ exception handler used, but unwind semantics are not enabled. Specify /EHsc (compiling source file hdrmacro.cpp)
C:\Program Files (x86)\Microsoft Visual Studio\2017\Community\VC\Tools\MSVC\14.16.27023\include\xlocale(319): warning C4530: C++ exception handler used, but unwind semantics are not enabled. Specify /EHsc (compiling source file headers.cpp)
jam.cpp
jamgram.cpp
C:\Program Files (x86)\Microsoft Visual Studio\2017\Community\VC\Tools\MSVC\14.16.27023\include\xlocale(319): warning C4530: C++ exception handler used, but unwind semantics are not enabled. Specify /EHsc (compiling source file jam.cpp)
C:\Program Files (x86)\Microsoft Visual Studio\2017\Community\VC\Tools\MSVC\14.16.27023\include\xlocale(319): warning C4530: C++ exception handler used, but unwind semantics are not enabled. Specify /EHsc (compiling source file jamgram.cpp)
lists.cpp
C:\Program Files (x86)\Microsoft Visual Studio\2017\Community\VC\Tools\MSVC\14.16.27023\include\xlocale(319): warning C4530: C++ exception handler used, but unwind semantics are not enabled. Specify /EHsc (compiling source file lists.cpp)
make.cpp
C:\Program Files (x86)\Microsoft Visual Studio\2017\Community\VC\Tools\MSVC\14.16.27023\include\xlocale(319): warning C4530: C++ exception handler used, but unwind semantics are not enabled. Specify /EHsc (compiling source file make.cpp)
make1.cpp
md5.cpp
mem.cpp
C:\Program Files (x86)\Microsoft Visual Studio\2017\Community\VC\Tools\MSVC\14.16.27023\include\xlocale(319): warning C4530: C++ exception handler used, but unwind semantics are not enabled. Specify /EHsc (compiling source file make1.cpp)
modules.cpp
C:\Program Files (x86)\Microsoft Visual Studio\2017\Community\VC\Tools\MSVC\14.16.27023\include\xlocale(319): warning C4530: C++ exception handler used, but unwind semantics are not enabled. Specify /EHsc (compiling source file mem.cpp)
native.cpp
C:\Program Files (x86)\Microsoft Visual Studio\2017\Community\VC\Tools\MSVC\14.16.27023\include\xlocale(319): warning C4530: C++ exception handler used, but unwind semantics are not enabled. Specify /EHsc (compiling source file modules.cpp)
object.cpp
C:\Program Files (x86)\Microsoft Visual Studio\2017\Community\VC\Tools\MSVC\14.16.27023\include\xlocale(319): warning C4530: C++ exception handler used, but unwind semantics are not enabled. Specify /EHsc (compiling source file native.cpp)
C:\Program Files (x86)\Microsoft Visual Studio\2017\Community\VC\Tools\MSVC\14.16.27023\include\xlocale(319): warning C4530: C++ exception handler used, but unwind semantics are not enabled. Specify /EHsc (compiling source file object.cpp)
option.cpp
output.cpp
C:\Program Files (x86)\Microsoft Visual Studio\2017\Community\VC\Tools\MSVC\14.16.27023\include\xlocale(319): warning C4530: C++ exception handler used, but unwind semantics are not enabled. Specify /EHsc (compiling source file output.cpp)
C:\Program Files (x86)\Microsoft Visual Studio\2017\Community\VC\Tools\MSVC\14.16.27023\include\xlocale(319): warning C4530: C++ exception handler used, but unwind semantics are not enabled. Specify /EHsc (compiling source file option.cpp)
parse.cpp
pathnt.cpp
C:\Program Files (x86)\Microsoft Visual Studio\2017\Community\VC\Tools\MSVC\14.16.27023\include\xlocale(319): warning C4530: C++ exception handler used, but unwind semantics are not enabled. Specify /EHsc (compiling source file parse.cpp)
pathsys.cpp
C:\Program Files (x86)\Microsoft Visual Studio\2017\Community\VC\Tools\MSVC\14.16.27023\include\xlocale(319): warning C4530: C++ exception handler used, but unwind semantics are not enabled. Specify /EHsc (compiling source file pathnt.cpp)
regexp.cpp
C:\Program Files (x86)\Microsoft Visual Studio\2017\Community\VC\Tools\MSVC\14.16.27023\include\xlocale(319): warning C4530: C++ exception handler used, but unwind semantics are not enabled. Specify /EHsc (compiling source file pathsys.cpp)
rules.cpp
C:\Program Files (x86)\Microsoft Visual Studio\2017\Community\VC\Tools\MSVC\14.16.27023\include\xlocale(319): warning C4530: C++ exception handler used, but unwind semantics are not enabled. Specify /EHsc (compiling source file regexp.cpp)
scan.cpp
C:\Program Files (x86)\Microsoft Visual Studio\2017\Community\VC\Tools\MSVC\14.16.27023\include\xlocale(319): warning C4530: C++ exception handler used, but unwind semantics are not enabled. Specify /EHsc (compiling source file rules.cpp)
C:\Program Files (x86)\Microsoft Visual Studio\2017\Community\VC\Tools\MSVC\14.16.27023\include\xlocale(319): warning C4530: C++ exception handler used, but unwind semantics are not enabled. Specify /EHsc (compiling source file scan.cpp)
search.cpp
jam_strings.cpp
C:\Program Files (x86)\Microsoft Visual Studio\2017\Community\VC\Tools\MSVC\14.16.27023\include\xlocale(319): warning C4530: C++ exception handler used, but unwind semantics are not enabled. Specify /EHsc (compiling source file search.cpp)
startup.cpp
C:\Program Files (x86)\Microsoft Visual Studio\2017\Community\VC\Tools\MSVC\14.16.27023\include\xlocale(319): warning C4530: C++ exception handler used, but unwind semantics are not enabled. Specify /EHsc (compiling source file jam_strings.cpp)
subst.cpp
sysinfo.cpp
C:\Program Files (x86)\Microsoft Visual Studio\2017\Community\VC\Tools\MSVC\14.16.27023\include\xlocale(319): warning C4530: C++ exception handler used, but unwind semantics are not enabled. Specify /EHsc (compiling source file startup.cpp)
C:\Program Files (x86)\Microsoft Visual Studio\2017\Community\VC\Tools\MSVC\14.16.27023\include\xlocale(319): warning C4530: C++ exception handler used, but unwind semantics are not enabled. Specify /EHsc (compiling source file subst.cpp)
C:\Program Files (x86)\Microsoft Visual Studio\2017\Community\VC\Tools\MSVC\14.16.27023\include\xlocale(319): warning C4530: C++ exception handler used, but unwind semantics are not enabled. Specify /EHsc (compiling source file sysinfo.cpp)
timestamp.cpp
variable.cpp
w32_getreg.cpp
C:\Program Files (x86)\Microsoft Visual Studio\2017\Community\VC\Tools\MSVC\14.16.27023\include\xlocale(319): warning C4530: C++ exception handler used, but unwind semantics are not enabled. Specify /EHsc (compiling source file timestamp.cpp)
C:\Program Files (x86)\Microsoft Visual Studio\2017\Community\VC\Tools\MSVC\14.16.27023\include\xlocale(319): warning C4530: C++ exception handler used, but unwind semantics are not enabled. Specify /EHsc (compiling source file variable.cpp)
C:\Program Files (x86)\Microsoft Visual Studio\2017\Community\VC\Tools\MSVC\14.16.27023\include\xlocale(319): warning C4530: C++ exception handler used, but unwind semantics are not enabled. Specify /EHsc (compiling source file w32_getreg.cpp)
order.cpp
path.cpp
property-set.cpp
regex.cpp
C:\Program Files (x86)\Microsoft Visual Studio\2017\Community\VC\Tools\MSVC\14.16.27023\include\xlocale(319): warning C4530: C++ exception handler used, but unwind semantics are not enabled. Specify /EHsc (compiling source file modules/order.cpp)
C:\Program Files (x86)\Microsoft Visual Studio\2017\Community\VC\Tools\MSVC\14.16.27023\include\xlocale(319): warning C4530: C++ exception handler used, but unwind semantics are not enabled. Specify /EHsc (compiling source file modules/path.cpp)
sequence.cpp
C:\Program Files (x86)\Microsoft Visual Studio\2017\Community\VC\Tools\MSVC\14.16.27023\include\xlocale(319): warning C4530: C++ exception handler used, but unwind semantics are not enabled. Specify /EHsc (compiling source file modules/property-set.cpp)
C:\Program Files (x86)\Microsoft Visual Studio\2017\Community\VC\Tools\MSVC\14.16.27023\include\xlocale(319): warning C4530: C++ exception handler used, but unwind semantics are not enabled. Specify /EHsc (compiling source file modules/regex.cpp)
set.cpp
C:\Program Files (x86)\Microsoft Visual Studio\2017\Community\VC\Tools\MSVC\14.16.27023\include\xlocale(319): warning C4530: C++ exception handler used, but unwind semantics are not enabled. Specify /EHsc (compiling source file modules/sequence.cpp)
C:\Program Files (x86)\Microsoft Visual Studio\2017\Community\VC\Tools\MSVC\14.16.27023\include\xlocale(319): warning C4530: C++ exception handler used, but unwind semantics are not enabled. Specify /EHsc (compiling source file modules/set.cpp)
Generating code
Finished generating code

C:\Users\hairi\Downloads\boost_1_74_0\tools\build\src\engine>dir *.exe 
 Volume in drive C is Local Disk
 Volume Serial Number is 5EF7-263D

 Directory of C:\Users\hairi\Downloads\boost_1_74_0\tools\build\src\engine

11/23/2020  05:32 PM           476,672 b2.exe
               1 File(s)        476,672 bytes
               0 Dir(s)  132,450,455,552 bytes free

C:\Users\hairi\Downloads\boost_1_74_0\tools\build\src\engine>copy /b .\b2.exe .\bjam.exe 
        1 file(s) copied.
